c:\users\andreas\desktop\inf251\opengl templates\inf251_tutorial_03_obj\inf251_tutorial\debug\main.obj
c:\users\andreas\desktop\inf251\opengl templates\inf251_tutorial_03_obj\inf251_tutorial\debug\model_obj.obj
c:\users\andreas\desktop\inf251\opengl templates\inf251_tutorial_03_obj\inf251_tutorial\debug\vc100.pdb
c:\users\andreas\desktop\inf251\opengl templates\inf251_tutorial_03_obj\debug\inf251_tutorial.ilk
c:\users\andreas\desktop\inf251\opengl templates\inf251_tutorial_03_obj\debug\inf251_tutorial.exe
c:\users\andreas\desktop\inf251\opengl templates\inf251_tutorial_03_obj\inf251_tutorial\debug\inf251_tutorial.exe.intermediate.manifest
c:\users\andreas\desktop\inf251\opengl templates\inf251_tutorial_03_obj\debug\inf251_tutorial.pdb
d:\teaching\inf251\2015 autumn by bruckner and stoppel\tutorials\inf251_tutorial_03_obj\inf251_tutorial\debug\main.obj
d:\teaching\inf251\2015 autumn by bruckner and stoppel\tutorials\inf251_tutorial_03_obj\inf251_tutorial\debug\model_obj.obj
d:\teaching\inf251\2015 autumn by bruckner and stoppel\tutorials\inf251_tutorial_03_obj\inf251_tutorial\debug\cl.command.1.tlog
d:\teaching\inf251\2015 autumn by bruckner and stoppel\tutorials\inf251_tutorial_03_obj\inf251_tutorial\debug\cl.read.1.tlog
d:\teaching\inf251\2015 autumn by bruckner and stoppel\tutorials\inf251_tutorial_03_obj\inf251_tutorial\debug\cl.write.1.tlog
d:\teaching\inf251\2015 autumn by bruckner and stoppel\tutorials\inf251_tutorial_03_obj\inf251_tutorial\debug\link.command.1.tlog
d:\teaching\inf251\2015 autumn by bruckner and stoppel\tutorials\inf251_tutorial_03_obj\inf251_tutorial\debug\link.read.1.tlog
d:\teaching\inf251\2015 autumn by bruckner and stoppel\tutorials\inf251_tutorial_03_obj\inf251_tutorial\debug\link.write.1.tlog
d:\teaching\inf251\2015 autumn by bruckner and stoppel\tutorials\inf251_tutorial_03_obj\inf251_tutorial\debug\mt.command.1.tlog
d:\teaching\inf251\2015 autumn by bruckner and stoppel\tutorials\inf251_tutorial_03_obj\inf251_tutorial\debug\mt.read.1.tlog
d:\teaching\inf251\2015 autumn by bruckner and stoppel\tutorials\inf251_tutorial_03_obj\inf251_tutorial\debug\mt.write.1.tlog
d:\teaching\inf251\2015 autumn by bruckner and stoppel\tutorials\inf251_tutorial_03_obj\inf251_tutorial\debug\inf251_tutorial.exe.intermediate.manifest
d:\teaching\inf251\2015 autumn by bruckner and stoppel\tutorials\inf251_tutorial_03_obj\inf251_tutorial\debug\vc100.idb
d:\teaching\inf251\2015 autumn by bruckner and stoppel\tutorials\inf251_tutorial_03_obj\inf251_tutorial\debug\vc100.pdb
d:\teaching\inf251\2015 autumn by bruckner and stoppel\tutorials\inf251_tutorial_03_obj\debug\inf251_tutorial.pdb
d:\teaching\inf251\2015 autumn by bruckner and stoppel\tutorials\inf251_tutorial_03_obj\debug\inf251_tutorial.exe
d:\teaching\inf251\2015 autumn by bruckner and stoppel\tutorials\inf251_tutorial_03_obj\debug\inf251_tutorial.ilk
